0 info it worked if it ends with ok
1 verbose cli [ '/usr/local/bin/node', '/usr/local/bin/npm', 'start' ]
2 info using npm@3.7.3
3 info using node@v5.4.0
4 verbose run-script [ 'prestart', 'start', 'poststart' ]
5 info lifecycle comments@1.0.0~prestart: comments@1.0.0
6 silly lifecycle comments@1.0.0~prestart: no script for prestart, continuing
7 info lifecycle comments@1.0.0~start: comments@1.0.0
8 verbose lifecycle comments@1.0.0~start: unsafe-perm in lifecycle true
9 verbose lifecycle comments@1.0.0~start: PATH: /usr/local/lib/node_modules/npm/bin/node-gyp-bin:/Users/wu/Dev/Javascript/react/my/comments/node_modules/.bin:/usr/local/bin:/Users/wu/.rvm/gems/ruby-2.1.3/bin:/Users/wu/.rvm/gems/ruby-2.1.3@global/bin:/Users/wu/.rvm/rubies/ruby-2.1.3/bin:/usr/local/heroku/bin:/usr/local/bin:/usr/bin:/bin:/usr/sbin:/sbin:/opt/ImageMagick/bin:/Users/wu/.rvm/gems/ruby-2.1.3/bin:/Users/wu/.rvm/gems/ruby-2.1.3@global/bin:/Users/wu/.rvm/rubies/ruby-2.1.3/bin:/usr/local/bin:/usr/bin:/bin:/usr/sbin:/sbin:/Users/wu/.rvm/bin:/usr/local/bin
10 verbose lifecycle comments@1.0.0~start: CWD: /Users/wu/Dev/Javascript/react/my/comments
11 silly lifecycle comments@1.0.0~start: Args: [ '-c', 'node server.js' ]
12 silly lifecycle comments@1.0.0~start: Returned: code: 1  signal: null
13 info lifecycle comments@1.0.0~start: Failed to exec start script
14 verbose stack Error: comments@1.0.0 start: `node server.js`
14 verbose stack Exit status 1
14 verbose stack     at EventEmitter.<anonymous> (/usr/local/lib/node_modules/npm/lib/utils/lifecycle.js:239:16)
14 verbose stack     at emitTwo (events.js:87:13)
14 verbose stack     at EventEmitter.emit (events.js:172:7)
14 verbose stack     at ChildProcess.<anonymous> (/usr/local/lib/node_modules/npm/lib/utils/spawn.js:24:14)
14 verbose stack     at emitTwo (events.js:87:13)
14 verbose stack     at ChildProcess.emit (events.js:172:7)
14 verbose stack     at maybeClose (internal/child_process.js:821:16)
14 verbose stack     at Process.ChildProcess._handle.onexit (internal/child_process.js:211:5)
15 verbose pkgid comments@1.0.0
16 verbose cwd /Users/wu/Dev/Javascript/react/my/comments
17 error Darwin 15.0.0
18 error argv "/usr/local/bin/node" "/usr/local/bin/npm" "start"
19 error node v5.4.0
20 error npm  v3.7.3
21 error code ELIFECYCLE
22 error comments@1.0.0 start: `node server.js`
22 error Exit status 1
23 error Failed at the comments@1.0.0 start script 'node server.js'.
23 error Make sure you have the latest version of node.js and npm installed.
23 error If you do, this is most likely a problem with the comments package,
23 error not with npm itself.
23 error Tell the author that this fails on your system:
23 error     node server.js
23 error You can get information on how to open an issue for this project with:
23 error     npm bugs comments
23 error Or if that isn't available, you can get their info via:
23 error     npm owner ls comments
23 error There is likely additional logging output above.
24 verbose exit [ 1, true ]
